<?xml version="1.0" encoding="UTF-8"?>
<!-- Generated by org.testng.reporters.JUnitXMLReporter -->
<testsuite ignored="0" hostname="Tamannas-MacBook-Pro.local" failures="0" tests="12" name="Default test" time="59.579" errors="0" timestamp="2024-12-18T10:38:02 EST">
  <testcase classname="com.tutorialsNinja.TestCases.LoginTest" name="verifyLoginWithValidCredentials" time="1.027"/>
  <testcase classname="com.tutorialsNinja.TestCases.LoginTest" name="verifyLoginWithValidCredentials" time="1.03"/>
  <testcase classname="com.tutorialsNinja.TestCases.LoginTest" name="verifyLoginWithValidCredentials" time="1.078"/>
  <testcase classname="com.tutorialsNinja.TestCases.LoginTest" name="verifyLoginWithValidCredentials" time="1.038"/>
  <testcase classname="com.tutorialsNinja.TestCases.LoginTest" name="verifyLoginWithValidCredentials" time="1.164"/>
  <testcase classname="com.tutorialsNinja.TestCases.LoginTest" name="verifyLoginWithValidCredentials" time="1.051"/>
  <testcase classname="com.tutorialsNinja.TestCases.LoginTest" name="verifyLoginWithValidCredentials" time="1.131"/>
  <testcase classname="com.tutorialsNinja.TestCases.LoginTest" name="verifyLoginWithValidCredentials" time="1.118"/>
  <testcase classname="com.tutorialsNinja.TestCases.LoginTest" name="verifyLoginWithValidEmailInvalidPassword" time="0.764"/>
  <testcase classname="com.tutorialsNinja.TestCases.LoginTest" name="verifyLoginWithInvalidEmailValidPassword" time="0.714"/>
  <testcase classname="com.tutorialsNinja.TestCases.LoginTest" name="verifyLoginwithInvalidCredentials" time="0.729"/>
  <testcase classname="com.tutorialsNinja.TestCases.LoginTest" name="verifyLoginwithNoCredentials" time="0.767"/>
</testsuite> <!-- Default test -->
