<?xml version="1.0" encoding="UTF-8"?>
<!-- Generated by org.testng.reporters.JUnitXMLReporter -->
<testsuite ignored="0" hostname="Tamannas-MacBook-Pro.local" failures="1" tests="5" name="login_test" time="20.574" errors="0" timestamp="2024-12-19T11:00:44 EST">
  <testcase classname="com.tutorialsNinja.TestCases.LoginTest" name="verifyLoginWithValidCredentials" time="0.0">
    <failure type="java.lang.RuntimeException" message="java.io.IOException: Truncated ZIP file">
      <![CDATA[java.lang.RuntimeException: java.io.IOException: Truncated ZIP file
at java.base/java.util.ArrayList.forEach(ArrayList.java:1511)
at java.base/java.util.concurrent.FutureTask.run(FutureTask.java:264)
at java.base/java.util.concurrent.ThreadPoolExecutor.runWorker(ThreadPoolExecutor.java:1136)
at java.base/java.util.concurrent.ThreadPoolExecutor$Worker.run(ThreadPoolExecutor.java:635)
at java.base/java.lang.Thread.run(Thread.java:842)
Caused by: java.io.IOException: Truncated ZIP file
at org.apache.commons.compress.archivers.zip.ZipArchiveInputStream.readDeflated(ZipArchiveInputStream.java:560)
at org.apache.commons.compress.archivers.zip.ZipArchiveInputStream.read(ZipArchiveInputStream.java:458)
at java.base/java.io.FilterInputStream.read(FilterInputStream.java:132)
at org.apache.poi.openxml4j.util.ZipArchiveThresholdInputStream.read(ZipArchiveThresholdInputStream.java:80)
at org.apache.poi.util.IOUtils.toByteArray(IOUtils.java:182)
at org.apache.poi.util.IOUtils.toByteArray(IOUtils.java:149)
at org.apache.poi.openxml4j.util.ZipArchiveFakeEntry.<init>(ZipArchiveFakeEntry.java:47)
at org.apache.poi.openxml4j.util.ZipInputStreamZipEntrySource.<init>(ZipInputStreamZipEntrySource.java:53)
at org.apache.poi.openxml4j.opc.ZipPackage.<init>(ZipPackage.java:106)
at org.apache.poi.openxml4j.opc.OPCPackage.open(OPCPackage.java:307)
at org.apache.poi.ooxml.util.PackageHelper.open(PackageHelper.java:47)
at org.apache.poi.xssf.usermodel.XSSFWorkbook.<init>(XSSFWorkbook.java:309)
at com.tutorialsnNinja.TestData.ExcelCode.readFromExcelSheetTNLogin(ExcelCode.java:37)
at com.tutorialsnNinja.TestData.ExcelCode.getTNExcelLoginData(ExcelCode.java:28)
... 19 more
... Removed 22 stack frames]]>
    </failure>
  </testcase> <!-- verifyLoginWithValidCredentials -->
  <testcase classname="com.tutorialsNinja.TestCases.LoginTest" name="verifyLoginWithValidEmailInvalidPassword" time="0.929"/>
  <testcase classname="com.tutorialsNinja.TestCases.LoginTest" name="verifyLoginWithInvalidEmailValidPassword" time="0.818"/>
  <testcase classname="com.tutorialsNinja.TestCases.LoginTest" name="verifyLoginwithInvalidCredentials" time="1.284"/>
  <testcase classname="com.tutorialsNinja.TestCases.LoginTest" name="verifyLoginwithNoCredentials" time="0.728"/>
</testsuite> <!-- login_test -->
