<?xml version="1.0" encoding="UTF-8"?>
<!-- Generated by org.testng.reporters.JUnitXMLReporter -->
<testsuite ignored="0" hostname="Tamannas-MacBook-Pro.local" failures="1" tests="5" name="register_test" time="21.438" errors="0" timestamp="2024-12-19T11:00:45 EST">
  <testcase classname="com.tutorialsNinja.TestCases.RegisterTest" name="registerWithMandatoryFields" time="0.0">
    <failure type="java.lang.RuntimeException" message="org.apache.poi.openxml4j.exceptions.NotOfficeXmlFileException: No valid entries or contents found, this is not a valid OOXML (Office Open XML) file">
      <![CDATA[java.lang.RuntimeException: org.apache.poi.openxml4j.exceptions.NotOfficeXmlFileException: No valid entries or contents found, this is not a valid OOXML (Office Open XML) file
at java.base/java.util.ArrayList.forEach(ArrayList.java:1511)
at java.base/java.util.concurrent.FutureTask.run(FutureTask.java:264)
at java.base/java.util.concurrent.ThreadPoolExecutor.runWorker(ThreadPoolExecutor.java:1136)
at java.base/java.util.concurrent.ThreadPoolExecutor$Worker.run(ThreadPoolExecutor.java:635)
at java.base/java.lang.Thread.run(Thread.java:842)
Caused by: org.apache.poi.openxml4j.exceptions.NotOfficeXmlFileException: No valid entries or contents found, this is not a valid OOXML (Office Open XML) file
at org.apache.poi.openxml4j.util.ZipArchiveThresholdInputStream.getNextEntry(ZipArchiveThresholdInputStream.java:145)
at org.apache.poi.openxml4j.util.ZipInputStreamZipEntrySource.<init>(ZipInputStreamZipEntrySource.java:49)
at org.apache.poi.openxml4j.opc.ZipPackage.<init>(ZipPackage.java:106)
at org.apache.poi.openxml4j.opc.OPCPackage.open(OPCPackage.java:307)
at org.apache.poi.ooxml.util.PackageHelper.open(PackageHelper.java:47)
at org.apache.poi.xssf.usermodel.XSSFWorkbook.<init>(XSSFWorkbook.java:309)
at com.tutorialsnNinja.TestData.ExcelCode.readFromExcelSheetTNRegister(ExcelCode.java:83)
at com.tutorialsnNinja.TestData.ExcelCode.getTNExcelRegisterData(ExcelCode.java:75)
... 19 more
Caused by: java.util.zip.ZipException: Unexpected record signature: 0X6BEEB319
at org.apache.commons.compress.archivers.zip.ZipArchiveInputStream.getNextZipEntry(ZipArchiveInputStream.java:260)
at org.apache.poi.openxml4j.util.ZipArchiveThresholdInputStream.getNextEntry(ZipArchiveThresholdInputStream.java:141)
... 33 more
... Removed 22 stack frames]]>
    </failure>
  </testcase> <!-- registerWithMandatoryFields -->
  <testcase classname="com.tutorialsNinja.TestCases.RegisterTest" name="registerWithAllDetails" time="1.47"/>
  <testcase classname="com.tutorialsNinja.TestCases.RegisterTest" name="registerWithExistingEmail" time="0.847"/>
  <testcase classname="com.tutorialsNinja.TestCases.RegisterTest" name="registerWithWrongConfirmPassword" time="0.585"/>
  <testcase classname="com.tutorialsNinja.TestCases.RegisterTest" name="registerWithNoInputs" time="0.542"/>
</testsuite> <!-- register_test -->
